  Main.cpp
C:\Users\pierr\source\repos\MoteurPhysique\MoteurPhysique\Main.cpp(49,21): warning C4305: 'initialisation' : troncation de 'double' à 'float'
C:\Users\pierr\source\repos\MoteurPhysique\MoteurPhysique\Main.cpp(222,46): warning C4305: 'argument' : troncation de 'double' à 'float'
C:\Users\pierr\source\repos\MoteurPhysique\MoteurPhysique\Main.cpp(227,71): warning C4305: 'argument' : troncation de 'double' à 'float'
C:\Users\pierr\source\repos\MoteurPhysique\MoteurPhysique\Main.cpp(231,71): warning C4305: 'argument' : troncation de 'double' à 'float'
C:\Users\pierr\source\repos\MoteurPhysique\MoteurPhysique\Main.cpp(236,72): warning C4305: 'argument' : troncation de 'double' à 'float'
C:\Users\pierr\source\repos\MoteurPhysique\MoteurPhysique\Main.cpp(240,72): warning C4305: 'argument' : troncation de 'double' à 'float'
C:\Users\pierr\source\repos\MoteurPhysique\MoteurPhysique\Main.cpp(252,46): warning C4305: 'argument' : troncation de 'double' à 'float'
C:\Users\pierr\source\repos\MoteurPhysique\MoteurPhysique\Main.cpp(253,46): warning C4305: 'argument' : troncation de 'double' à 'float'
C:\Users\pierr\source\repos\MoteurPhysique\MoteurPhysique\Main.cpp(254,46): warning C4305: 'argument' : troncation de 'double' à 'float'
C:\Users\pierr\source\repos\MoteurPhysique\MoteurPhysique\Main.cpp(255,46): warning C4305: 'argument' : troncation de 'double' à 'float'
C:\Users\pierr\source\repos\MoteurPhysique\MoteurPhysique\Main.cpp(282,74): warning C4305: 'argument' : troncation de 'double' à 'float'
C:\Users\pierr\source\repos\MoteurPhysique\MoteurPhysique\Main.cpp(284,74): warning C4305: 'argument' : troncation de 'double' à 'float'
C:\Users\pierr\source\repos\MoteurPhysique\MoteurPhysique\Main.cpp(286,74): warning C4305: 'argument' : troncation de 'double' à 'float'
C:\Users\pierr\source\repos\MoteurPhysique\MoteurPhysique\Main.cpp(288,74): warning C4305: 'argument' : troncation de 'double' à 'float'
C:\Users\pierr\source\repos\MoteurPhysique\MoteurPhysique\Main.cpp(290,74): warning C4305: 'argument' : troncation de 'double' à 'float'
C:\Users\pierr\source\repos\MoteurPhysique\MoteurPhysique\Main.cpp(292,74): warning C4305: 'argument' : troncation de 'double' à 'float'
C:\Users\pierr\source\repos\MoteurPhysique\MoteurPhysique\Main.cpp(294,74): warning C4305: 'argument' : troncation de 'double' à 'float'
C:\Users\pierr\source\repos\MoteurPhysique\MoteurPhysique\Main.cpp(296,74): warning C4305: 'argument' : troncation de 'double' à 'float'
C:\Users\pierr\source\repos\MoteurPhysique\MoteurPhysique\Main.cpp(301,97): warning C4305: 'argument' : troncation de 'double' à 'float'
C:\Users\pierr\source\repos\MoteurPhysique\MoteurPhysique\Main.cpp(301,119): warning C4305: 'argument' : troncation de 'double' à 'float'
C:\Users\pierr\source\repos\MoteurPhysique\MoteurPhysique\Main.cpp(301,151): warning C4305: 'argument' : troncation de 'double' à 'float'
C:\Users\pierr\source\repos\MoteurPhysique\MoteurPhysique\Main.cpp(302,99): warning C4305: 'argument' : troncation de 'double' à 'float'
C:\Users\pierr\source\repos\MoteurPhysique\MoteurPhysique\Main.cpp(302,121): warning C4305: 'argument' : troncation de 'double' à 'float'
C:\Users\pierr\source\repos\MoteurPhysique\MoteurPhysique\Main.cpp(302,153): warning C4305: 'argument' : troncation de 'double' à 'float'
C:\Users\pierr\source\repos\MoteurPhysique\MoteurPhysique\Main.cpp(303,101): warning C4305: 'argument' : troncation de 'double' à 'float'
C:\Users\pierr\source\repos\MoteurPhysique\MoteurPhysique\Main.cpp(303,125): warning C4305: 'argument' : troncation de 'double' à 'float'
C:\Users\pierr\source\repos\MoteurPhysique\MoteurPhysique\Main.cpp(303,158): warning C4305: 'argument' : troncation de 'double' à 'float'
C:\Users\pierr\source\repos\MoteurPhysique\MoteurPhysique\Main.cpp(304,100): warning C4305: 'argument' : troncation de 'double' à 'float'
C:\Users\pierr\source\repos\MoteurPhysique\MoteurPhysique\Main.cpp(304,124): warning C4305: 'argument' : troncation de 'double' à 'float'
C:\Users\pierr\source\repos\MoteurPhysique\MoteurPhysique\Main.cpp(304,157): warning C4305: 'argument' : troncation de 'double' à 'float'
C:\Users\pierr\source\repos\MoteurPhysique\MoteurPhysique\Main.cpp(305,100): warning C4305: 'argument' : troncation de 'double' à 'float'
C:\Users\pierr\source\repos\MoteurPhysique\MoteurPhysique\Main.cpp(305,122): warning C4305: 'argument' : troncation de 'double' à 'float'
C:\Users\pierr\source\repos\MoteurPhysique\MoteurPhysique\Main.cpp(305,155): warning C4305: 'argument' : troncation de 'double' à 'float'
C:\Users\pierr\source\repos\MoteurPhysique\MoteurPhysique\Main.cpp(307,89): warning C4305: 'argument' : troncation de 'double' à 'float'
C:\Users\pierr\source\repos\MoteurPhysique\MoteurPhysique\Main.cpp(308,89): warning C4305: 'argument' : troncation de 'double' à 'float'
C:\Users\pierr\source\repos\MoteurPhysique\MoteurPhysique\Main.cpp(309,89): warning C4305: 'argument' : troncation de 'double' à 'float'
C:\Users\pierr\source\repos\MoteurPhysique\MoteurPhysique\Main.cpp(310,89): warning C4305: 'argument' : troncation de 'double' à 'float'
C:\Users\pierr\source\repos\MoteurPhysique\MoteurPhysique\Main.cpp(388,20): warning C4244: 'argument' : conversion de 'double' en 'float', perte possible de données
  MoteurPhysique.vcxproj -> C:\Users\pierr\source\repos\MoteurPhysique\x64\Debug\MoteurPhysique.exe
